cl : command line  warning D9035: option 'Gm' has been deprecated and will be removed in a future release
  voicechat.cpp
  VectorEntity.cpp
  Sun.cpp
  stdafx.cpp
  StatsAndAchievements.cpp
  StarField.cpp
  SpaceWarServer.cpp
  SpaceWarEntity.cpp
  SpaceWarClient.cpp
  Ship.cpp
  ServerBrowser.cpp
  RemoteStorage.cpp
  RemotePlay.cpp
  QuitMenu.cpp
  PhotonBeam.cpp
  p2pauth.cpp
  musicplayer.cpp
  MainMenu.cpp
  Main.cpp
  Lobby.cpp
  Generating Code...
  Compiling...
  Leaderboards.cpp
  Inventory.cpp
  htmlsurface.cpp
  gameenginewin32.cpp
  Friends.cpp
  connectingmenu.cpp
  clanchatroom.cpp
  BaseMenu.cpp
  Generating Code...
  SteamworksExample.vcxproj -> C:\Users\Lenovo\Documents\Unreal Projects\Steam_Multiplayer\Encrypted\sdk\steamworksexample\win64\Debug\SteamworksExample.exe
          1 file(s) copied.
          1 file(s) copied.
