c:\users\lenovo\documents\unreal projects\steam_multiplayer\encrypted\sdk\steamworksexample\win64\debug\vc143.pdb
c:\users\lenovo\documents\unreal projects\steam_multiplayer\encrypted\sdk\steamworksexample\win64\debug\vc143.idb
c:\users\lenovo\documents\unreal projects\steam_multiplayer\encrypted\sdk\steamworksexample\win64\debug\lobby.obj
c:\users\lenovo\documents\unreal projects\steam_multiplayer\encrypted\sdk\steamworksexample\win64\debug\main.obj
c:\users\lenovo\documents\unreal projects\steam_multiplayer\encrypted\sdk\steamworksexample\win64\debug\mainmenu.obj
c:\users\lenovo\documents\unreal projects\steam_multiplayer\encrypted\sdk\steamworksexample\win64\debug\musicplayer.obj
c:\users\lenovo\documents\unreal projects\steam_multiplayer\encrypted\sdk\steamworksexample\win64\debug\p2pauth.obj
c:\users\lenovo\documents\unreal projects\steam_multiplayer\encrypted\sdk\steamworksexample\win64\debug\photonbeam.obj
c:\users\lenovo\documents\unreal projects\steam_multiplayer\encrypted\sdk\steamworksexample\win64\debug\quitmenu.obj
c:\users\lenovo\documents\unreal projects\steam_multiplayer\encrypted\sdk\steamworksexample\win64\debug\remoteplay.obj
c:\users\lenovo\documents\unreal projects\steam_multiplayer\encrypted\sdk\steamworksexample\win64\debug\remotestorage.obj
c:\users\lenovo\documents\unreal projects\steam_multiplayer\encrypted\sdk\steamworksexample\win64\debug\serverbrowser.obj
c:\users\lenovo\documents\unreal projects\steam_multiplayer\encrypted\sdk\steamworksexample\win64\debug\ship.obj
c:\users\lenovo\documents\unreal projects\steam_multiplayer\encrypted\sdk\steamworksexample\win64\debug\spacewarclient.obj
c:\users\lenovo\documents\unreal projects\steam_multiplayer\encrypted\sdk\steamworksexample\win64\debug\spacewarentity.obj
c:\users\lenovo\documents\unreal projects\steam_multiplayer\encrypted\sdk\steamworksexample\win64\debug\spacewarserver.obj
c:\users\lenovo\documents\unreal projects\steam_multiplayer\encrypted\sdk\steamworksexample\win64\debug\starfield.obj
c:\users\lenovo\documents\unreal projects\steam_multiplayer\encrypted\sdk\steamworksexample\win64\debug\statsandachievements.obj
c:\users\lenovo\documents\unreal projects\steam_multiplayer\encrypted\sdk\steamworksexample\win64\debug\stdafx.obj
c:\users\lenovo\documents\unreal projects\steam_multiplayer\encrypted\sdk\steamworksexample\win64\debug\sun.obj
c:\users\lenovo\documents\unreal projects\steam_multiplayer\encrypted\sdk\steamworksexample\win64\debug\vectorentity.obj
c:\users\lenovo\documents\unreal projects\steam_multiplayer\encrypted\sdk\steamworksexample\win64\debug\voicechat.obj
c:\users\lenovo\documents\unreal projects\steam_multiplayer\encrypted\sdk\steamworksexample\win64\debug\basemenu.obj
c:\users\lenovo\documents\unreal projects\steam_multiplayer\encrypted\sdk\steamworksexample\win64\debug\clanchatroom.obj
c:\users\lenovo\documents\unreal projects\steam_multiplayer\encrypted\sdk\steamworksexample\win64\debug\connectingmenu.obj
c:\users\lenovo\documents\unreal projects\steam_multiplayer\encrypted\sdk\steamworksexample\win64\debug\friends.obj
c:\users\lenovo\documents\unreal projects\steam_multiplayer\encrypted\sdk\steamworksexample\win64\debug\gameenginewin32.obj
c:\users\lenovo\documents\unreal projects\steam_multiplayer\encrypted\sdk\steamworksexample\win64\debug\htmlsurface.obj
c:\users\lenovo\documents\unreal projects\steam_multiplayer\encrypted\sdk\steamworksexample\win64\debug\inventory.obj
c:\users\lenovo\documents\unreal projects\steam_multiplayer\encrypted\sdk\steamworksexample\win64\debug\leaderboards.obj
c:\users\lenovo\documents\unreal projects\steam_multiplayer\encrypted\sdk\steamworksexample\win64\debug\d3dcompiler_43.dll
c:\users\lenovo\documents\unreal projects\steam_multiplayer\encrypted\sdk\steamworksexample\win64\debug\d3dx9d_43.dll
c:\users\lenovo\documents\unreal projects\steam_multiplayer\encrypted\sdk\steamworksexample\win64\debug\d3dx10d_43.dll
c:\users\lenovo\documents\unreal projects\steam_multiplayer\encrypted\sdk\steamworksexample\win64\debug\d3dx11d_43.dll
c:\users\lenovo\documents\unreal projects\steam_multiplayer\encrypted\sdk\steamworksexample\win64\debug\xapobaseredist.pdb
c:\users\lenovo\documents\unreal projects\steam_multiplayer\encrypted\sdk\steamworksexample\win64\debug\xaudio2_9redist.pdb
c:\users\lenovo\documents\unreal projects\steam_multiplayer\encrypted\sdk\steamworksexample\win64\debug\xaudio2_9redist.dll
c:\users\lenovo\documents\unreal projects\steam_multiplayer\encrypted\sdk\steamworksexample\win64\debug\steamworksexample.pdb
c:\users\lenovo\documents\unreal projects\steam_multiplayer\encrypted\sdk\steamworksexample\win64\debug\steamwor.f9b80fd0.tlog\cl.command.1.tlog
c:\users\lenovo\documents\unreal projects\steam_multiplayer\encrypted\sdk\steamworksexample\win64\debug\steamwor.f9b80fd0.tlog\cl.read.1.tlog
c:\users\lenovo\documents\unreal projects\steam_multiplayer\encrypted\sdk\steamworksexample\win64\debug\steamwor.f9b80fd0.tlog\cl.write.1.tlog
c:\users\lenovo\documents\unreal projects\steam_multiplayer\encrypted\sdk\steamworksexample\win64\debug\steamwor.f9b80fd0.tlog\copylocal.read.1u.tlog
c:\users\lenovo\documents\unreal projects\steam_multiplayer\encrypted\sdk\steamworksexample\win64\debug\steamwor.f9b80fd0.tlog\copylocal.write.1u.tlog
c:\users\lenovo\documents\unreal projects\steam_multiplayer\encrypted\sdk\steamworksexample\win64\debug\steamwor.f9b80fd0.tlog\link.command.1.tlog
c:\users\lenovo\documents\unreal projects\steam_multiplayer\encrypted\sdk\steamworksexample\win64\debug\steamwor.f9b80fd0.tlog\link.read.1.tlog
c:\users\lenovo\documents\unreal projects\steam_multiplayer\encrypted\sdk\steamworksexample\win64\debug\steamwor.f9b80fd0.tlog\link.read.2.tlog
c:\users\lenovo\documents\unreal projects\steam_multiplayer\encrypted\sdk\steamworksexample\win64\debug\steamwor.f9b80fd0.tlog\link.write.1.tlog
